<?xml version="1.0" encoding="UTF-8"?>
<!-- Generated by org.testng.reporters.JUnitXMLReporter -->
<testsuite ignored="0" hostname="AVADHUT" failures="1" tests="1" name="Test" time="80.724" errors="0" timestamp="2022-06-30T13:30:43 IST">
  <testcase classname="pfPack.tests.LoginTest" name="testLogin" time="77.88">
    <failure type="java.lang.AssertionError" message="The test is failed">
      <![CDATA[java.lang.AssertionError: The test is failed
at pfPack.tests.base.BaseTest.reportFail(BaseTest.java:59)
at pfPack.tests.LoginTest.testLogin(LoginTest.java:41)
at java.base/java.util.ArrayList.forEach(ArrayList.java:1511)
... Removed 28 stack frames]]>
    </failure>
  </testcase> <!-- testLogin -->
</testsuite> <!-- Test -->
