<?xml version="1.0" encoding="UTF-8"?>
<testng-results ignored="0" total="1" passed="1" failed="0" skipped="0">
  <reporter-output>
  </reporter-output>
  <suite started-at="2022-06-30T14:06:18 IST" name="Default suite" finished-at="2022-06-30T14:09:11 IST" duration-ms="173491">
    <groups>
    </groups>
    <test started-at="2022-06-30T14:06:18 IST" name="Default test" finished-at="2022-06-30T14:09:11 IST" duration-ms="173491">
      <class name="pfPack.tests.LoginTest">
        <test-method signature="testLogin()[pri:0, instance:pfPack.tests.LoginTest@37858383]" started-at="2022-06-30T14:06:18 IST" name="testLogin" finished-at="2022-06-30T14:09:05 IST" duration-ms="167381" status="PASS">
          <reporter-output>
          </reporter-output>
        </test-method> <!-- testLogin -->
        <test-method is-config="true" signature="testClosure()[pri:0, instance:pfPack.tests.LoginTest@37858383]" started-at="2022-06-30T14:09:05 IST" name="testClosure" finished-at="2022-06-30T14:09:11 IST" duration-ms="6008" status="PASS">
          <reporter-output>
          </reporter-output>
        </test-method> <!-- testClosure -->
      </class> <!-- pfPack.tests.LoginTest -->
    </test> <!-- Default test -->
  </suite> <!-- Default suite -->
</testng-results>
